<?xml version="1.0" encoding="UTF-8"?>
<!-- Generated by org.testng.reporters.JUnitReportReporter -->
<testsuite hostname="DESKTOP-FB80D9H" failures="0" tests="2" name="Academy.HomePage" time="168.039" errors="0" timestamp="2022-05-03T10:58:21 PDT" skipped="0">
  <testcase classname="Academy.HomePage" name="basePageNavigation" time="126.775"/>
  <system-out/>
  <testcase classname="Academy.HomePage" name="basePageNavigation" time="41.264"/>
  <system-out/>
</testsuite> <!-- Academy.HomePage -->
