<?xml version="1.0" encoding="UTF-8"?>
<!-- Generated by org.testng.reporters.JUnitReportReporter -->
<testsuite hostname="DESKTOP-FB80D9H" failures="0" tests="1" name="Academy.ValidateTitle" time="20.145" errors="0" timestamp="2022-05-02T21:01:21 PDT" skipped="0">
  <testcase classname="Academy.ValidateTitle" name="basePageNavigation" time="20.145"/>
  <system-out/>
</testsuite> <!-- Academy.ValidateTitle -->
