<?xml version="1.0" encoding="UTF-8"?>
<!-- Generated by org.testng.reporters.JUnitReportReporter -->
<testsuite hostname="DESKTOP-FB80D9H" failures="0" tests="1" name="Academy.validateNavigationBar" time="22.555" errors="0" timestamp="2022-05-02T21:42:35 PDT" skipped="0">
  <testcase classname="Academy.validateNavigationBar" name="basePageNavigation" time="22.555"/>
  <system-out/>
</testsuite> <!-- Academy.validateNavigationBar -->
