<?xml version="1.0" encoding="UTF-8"?>
<!-- Generated by org.testng.reporters.JUnitReportReporter -->
<testsuite hostname="DESKTOP-FB80D9H" failures="0" tests="1" name="Academy.ValidateTitle" time="0.053" errors="0" timestamp="2022-05-02T12:16:44 PDT" skipped="0">
  <testcase classname="Academy.ValidateTitle" name="basePageNavigation" time="0.053"/>
  <system-out/>
</testsuite> <!-- Academy.ValidateTitle -->
