<?xml version="1.0" encoding="UTF-8"?>
<!-- Generated by org.testng.reporters.JUnitReportReporter -->
<testsuite hostname="DESKTOP-FB80D9H" failures="0" tests="1" name="Academy.validateNavigationBar" time="37.594" errors="0" timestamp="2022-05-02T12:16:44 PDT" skipped="0">
  <testcase classname="Academy.validateNavigationBar" name="basePageNavigation" time="37.594"/>
  <system-out/>
</testsuite> <!-- Academy.validateNavigationBar -->
