<?xml version="1.0" encoding="UTF-8"?>
<!-- Generated by org.testng.reporters.JUnitReportReporter -->
<testsuite hostname="DESKTOP-FB80D9H" failures="0" tests="2" name="Academy.HomePage" time="93.351" errors="0" timestamp="2022-05-03T13:53:39 PDT" skipped="0">
  <testcase classname="Academy.HomePage" name="basePageNavigation" time="38.015"/>
  <system-out/>
  <testcase classname="Academy.HomePage" name="basePageNavigation" time="55.336"/>
  <system-out/>
</testsuite> <!-- Academy.HomePage -->
